2021-06-05 13:29:58,141:INFO:Initializing load_model()
2021-06-05 13:29:58,141:INFO:load_model(model_name=Final WHites RF Project-3 June2021, platform=None, authentication=None, verbose=True)
2021-06-05 13:30:03,635:INFO:Initializing load_model()
2021-06-05 13:30:03,635:INFO:load_model(model_name=Final WHites RF Project-3 June2021, platform=None, authentication=None, verbose=True)
2021-06-05 13:30:20,642:INFO:Initializing load_model()
2021-06-05 13:30:20,642:INFO:load_model(model_name=Final WHites RF Project-3 June2021, platform=None, authentication=None, verbose=True)
2021-06-05 13:35:26,579:INFO:Initializing load_model()
2021-06-05 13:35:26,580:INFO:load_model(model_name=Final WHites RF Project-3 June2021, platform=None, authentication=None, verbose=True)
2021-06-05 13:35:30,120:INFO:Initializing load_model()
2021-06-05 13:35:30,120:INFO:load_model(model_name=Final WHites RF Project-3 June2021, platform=None, authentication=None, verbose=True)
2021-06-05 13:35:50,398:INFO:Initializing load_model()
2021-06-05 13:35:50,399:INFO:load_model(model_name=Final WHites RF Project-3 June2021, platform=None, authentication=None, verbose=True)
2021-06-05 13:36:14,841:INFO:Initializing predict_model()
2021-06-05 13:36:14,842:INFO:predict_model(estimator=Pipeline(steps=[('dtypes',
                 DataTypes_Auto_infer(ml_usecase='classification',
                                      target='quality_category')),
                ('imputer',
                 Simple_Imputer(categorical_strategy='not_available',
                                fill_value_categorical=None,
                                fill_value_numerical=None,
                                numeric_strategy='mean',
                                target_variable=None)),
                ('new_levels1',
                 New_Catagorical_Levels_in_TestData(replacement_strategy='least '
                                                                         'freq...
                ('clean_names', Clean_Colum_Names()),
                ('feature_select', 'passthrough'), ('fix_multi', 'passthrough'),
                ('dfs', 'passthrough'), ('pca', 'passthrough'),
                ['trained_model',
                 RandomForestClassifier(bootstrap=False, class_weight={},
                                        max_depth=3, max_features='sqrt',
                                        min_impurity_decrease=0.1,
                                        min_samples_leaf=4, min_samples_split=9,
                                        n_estimators=70, n_jobs=-1,
                                        random_state=123)]]), probability_threshold=None, encoded_labels=False, raw_score=True, round=4, verbose=True, ml_usecase=MLUsecase.CLASSIFICATION, display=None)
2021-06-05 13:36:14,842:INFO:Checking exceptions
2021-06-05 13:36:14,842:INFO:Preloading libraries
2021-06-05 13:36:19,671:INFO:Initializing load_model()
2021-06-05 13:36:19,671:INFO:load_model(model_name=Final WHites RF Project-3 June2021, platform=None, authentication=None, verbose=True)
2021-06-05 13:36:40,893:INFO:Initializing predict_model()
2021-06-05 13:36:40,893:INFO:predict_model(estimator=Pipeline(steps=[('dtypes',
                 DataTypes_Auto_infer(ml_usecase='classification',
                                      target='quality_category')),
                ('imputer',
                 Simple_Imputer(categorical_strategy='not_available',
                                fill_value_categorical=None,
                                fill_value_numerical=None,
                                numeric_strategy='mean',
                                target_variable=None)),
                ('new_levels1',
                 New_Catagorical_Levels_in_TestData(replacement_strategy='least '
                                                                         'freq...
                ('clean_names', Clean_Colum_Names()),
                ('feature_select', 'passthrough'), ('fix_multi', 'passthrough'),
                ('dfs', 'passthrough'), ('pca', 'passthrough'),
                ['trained_model',
                 RandomForestClassifier(bootstrap=False, class_weight={},
                                        max_depth=3, max_features='sqrt',
                                        min_impurity_decrease=0.1,
                                        min_samples_leaf=4, min_samples_split=9,
                                        n_estimators=70, n_jobs=-1,
                                        random_state=123)]]), probability_threshold=None, encoded_labels=False, raw_score=True, round=4, verbose=True, ml_usecase=MLUsecase.CLASSIFICATION, display=None)
2021-06-05 13:36:40,894:INFO:Checking exceptions
2021-06-05 13:36:40,894:INFO:Preloading libraries
2021-06-05 13:37:01,394:INFO:Initializing predict_model()
2021-06-05 13:37:01,394:INFO:predict_model(estimator=Pipeline(steps=[('dtypes',
                 DataTypes_Auto_infer(ml_usecase='classification',
                                      target='quality_category')),
                ('imputer',
                 Simple_Imputer(categorical_strategy='not_available',
                                fill_value_categorical=None,
                                fill_value_numerical=None,
                                numeric_strategy='mean',
                                target_variable=None)),
                ('new_levels1',
                 New_Catagorical_Levels_in_TestData(replacement_strategy='least '
                                                                         'freq...
                ('clean_names', Clean_Colum_Names()),
                ('feature_select', 'passthrough'), ('fix_multi', 'passthrough'),
                ('dfs', 'passthrough'), ('pca', 'passthrough'),
                ['trained_model',
                 RandomForestClassifier(bootstrap=False, class_weight={},
                                        max_depth=3, max_features='sqrt',
                                        min_impurity_decrease=0.1,
                                        min_samples_leaf=4, min_samples_split=9,
                                        n_estimators=70, n_jobs=-1,
                                        random_state=123)]]), probability_threshold=None, encoded_labels=False, raw_score=True, round=4, verbose=True, ml_usecase=MLUsecase.CLASSIFICATION, display=None)
2021-06-05 13:37:01,395:INFO:Checking exceptions
2021-06-05 13:37:01,395:INFO:Preloading libraries
2021-06-05 13:38:27,407:INFO:Initializing load_model()
2021-06-05 13:38:27,407:INFO:load_model(model_name=Final WHites RF Project-3 June2021, platform=None, authentication=None, verbose=True)
2021-06-05 13:43:58,908:INFO:Initializing load_model()
2021-06-05 13:43:58,909:INFO:load_model(model_name=Final WHites RF Project-3 June2021, platform=None, authentication=None, verbose=True)
2021-06-05 13:44:03,050:INFO:Initializing load_model()
2021-06-05 13:44:03,051:INFO:load_model(model_name=Final WHites RF Project-3 June2021, platform=None, authentication=None, verbose=True)
2021-06-05 13:44:57,227:INFO:Initializing predict_model()
2021-06-05 13:44:57,228:INFO:predict_model(estimator=Pipeline(steps=[('dtypes',
                 DataTypes_Auto_infer(ml_usecase='classification',
                                      target='quality_category')),
                ('imputer',
                 Simple_Imputer(categorical_strategy='not_available',
                                fill_value_categorical=None,
                                fill_value_numerical=None,
                                numeric_strategy='mean',
                                target_variable=None)),
                ('new_levels1',
                 New_Catagorical_Levels_in_TestData(replacement_strategy='least '
                                                                         'freq...
                ('clean_names', Clean_Colum_Names()),
                ('feature_select', 'passthrough'), ('fix_multi', 'passthrough'),
                ('dfs', 'passthrough'), ('pca', 'passthrough'),
                ['trained_model',
                 RandomForestClassifier(bootstrap=False, class_weight={},
                                        max_depth=3, max_features='sqrt',
                                        min_impurity_decrease=0.1,
                                        min_samples_leaf=4, min_samples_split=9,
                                        n_estimators=70, n_jobs=-1,
                                        random_state=123)]]), probability_threshold=None, encoded_labels=False, raw_score=True, round=4, verbose=True, ml_usecase=MLUsecase.CLASSIFICATION, display=None)
2021-06-05 13:44:57,229:INFO:Checking exceptions
2021-06-05 13:44:57,229:INFO:Preloading libraries
2021-06-05 14:00:38,051:INFO:Initializing load_model()
2021-06-05 14:00:38,052:INFO:load_model(model_name=Final WHites RF Project-3 June2021, platform=None, authentication=None, verbose=True)
2021-06-05 14:14:29,932:INFO:Initializing load_model()
2021-06-05 14:14:29,932:INFO:load_model(model_name=Final WHites RF Project-3 June2021, platform=None, authentication=None, verbose=True)
