2021-06-05 13:29:58,141:INFO:Initializing load_model()
2021-06-05 13:29:58,141:INFO:load_model(model_name=Final WHites RF Project-3 June2021, platform=None, authentication=None, verbose=True)
2021-06-05 13:30:03,635:INFO:Initializing load_model()
2021-06-05 13:30:03,635:INFO:load_model(model_name=Final WHites RF Project-3 June2021, platform=None, authentication=None, verbose=True)
2021-06-05 13:30:20,642:INFO:Initializing load_model()
2021-06-05 13:30:20,642:INFO:load_model(model_name=Final WHites RF Project-3 June2021, platform=None, authentication=None, verbose=True)
2021-06-05 13:35:26,579:INFO:Initializing load_model()
2021-06-05 13:35:26,580:INFO:load_model(model_name=Final WHites RF Project-3 June2021, platform=None, authentication=None, verbose=True)
2021-06-05 13:35:30,120:INFO:Initializing load_model()
2021-06-05 13:35:30,120:INFO:load_model(model_name=Final WHites RF Project-3 June2021, platform=None, authentication=None, verbose=True)
2021-06-05 13:35:50,398:INFO:Initializing load_model()
2021-06-05 13:35:50,399:INFO:load_model(model_name=Final WHites RF Project-3 June2021, platform=None, authentication=None, verbose=True)
2021-06-05 13:36:14,841:INFO:Initializing predict_model()
2021-06-05 13:36:14,842:INFO:predict_model(estimator=Pipeline(steps=[('dtypes',
                 DataTypes_Auto_infer(ml_usecase='classification',
                                      target='quality_category')),
                ('imputer',
                 Simple_Imputer(categorical_strategy='not_available',
                                fill_value_categorical=None,
                                fill_value_numerical=None,
                                numeric_strategy='mean',
                                target_variable=None)),
                ('new_levels1',
                 New_Catagorical_Levels_in_TestData(replacement_strategy='least '
                                                                         'freq...
                ('clean_names', Clean_Colum_Names()),
                ('feature_select', 'passthrough'), ('fix_multi', 'passthrough'),
                ('dfs', 'passthrough'), ('pca', 'passthrough'),
                ['trained_model',
                 RandomForestClassifier(bootstrap=False, class_weight={},
                                        max_depth=3, max_features='sqrt',
                                        min_impurity_decrease=0.1,
                                        min_samples_leaf=4, min_samples_split=9,
                                        n_estimators=70, n_jobs=-1,
                                        random_state=123)]]), probability_threshold=None, encoded_labels=False, raw_score=True, round=4, verbose=True, ml_usecase=MLUsecase.CLASSIFICATION, display=None)
2021-06-05 13:36:14,842:INFO:Checking exceptions
2021-06-05 13:36:14,842:INFO:Preloading libraries
2021-06-05 13:36:19,671:INFO:Initializing load_model()
2021-06-05 13:36:19,671:INFO:load_model(model_name=Final WHites RF Project-3 June2021, platform=None, authentication=None, verbose=True)
2021-06-05 13:36:40,893:INFO:Initializing predict_model()
2021-06-05 13:36:40,893:INFO:predict_model(estimator=Pipeline(steps=[('dtypes',
                 DataTypes_Auto_infer(ml_usecase='classification',
                                      target='quality_category')),
                ('imputer',
                 Simple_Imputer(categorical_strategy='not_available',
                                fill_value_categorical=None,
                                fill_value_numerical=None,
                                numeric_strategy='mean',
                                target_variable=None)),
                ('new_levels1',
                 New_Catagorical_Levels_in_TestData(replacement_strategy='least '
                                                                         'freq...
                ('clean_names', Clean_Colum_Names()),
                ('feature_select', 'passthrough'), ('fix_multi', 'passthrough'),
                ('dfs', 'passthrough'), ('pca', 'passthrough'),
                ['trained_model',
                 RandomForestClassifier(bootstrap=False, class_weight={},
                                        max_depth=3, max_features='sqrt',
                                        min_impurity_decrease=0.1,
                                        min_samples_leaf=4, min_samples_split=9,
                                        n_estimators=70, n_jobs=-1,
                                        random_state=123)]]), probability_threshold=None, encoded_labels=False, raw_score=True, round=4, verbose=True, ml_usecase=MLUsecase.CLASSIFICATION, display=None)
2021-06-05 13:36:40,894:INFO:Checking exceptions
2021-06-05 13:36:40,894:INFO:Preloading libraries
2021-06-05 13:37:01,394:INFO:Initializing predict_model()
2021-06-05 13:37:01,394:INFO:predict_model(estimator=Pipeline(steps=[('dtypes',
                 DataTypes_Auto_infer(ml_usecase='classification',
                                      target='quality_category')),
                ('imputer',
                 Simple_Imputer(categorical_strategy='not_available',
                                fill_value_categorical=None,
                                fill_value_numerical=None,
                                numeric_strategy='mean',
                                target_variable=None)),
                ('new_levels1',
                 New_Catagorical_Levels_in_TestData(replacement_strategy='least '
                                                                         'freq...
                ('clean_names', Clean_Colum_Names()),
                ('feature_select', 'passthrough'), ('fix_multi', 'passthrough'),
                ('dfs', 'passthrough'), ('pca', 'passthrough'),
                ['trained_model',
                 RandomForestClassifier(bootstrap=False, class_weight={},
                                        max_depth=3, max_features='sqrt',
                                        min_impurity_decrease=0.1,
                                        min_samples_leaf=4, min_samples_split=9,
                                        n_estimators=70, n_jobs=-1,
                                        random_state=123)]]), probability_threshold=None, encoded_labels=False, raw_score=True, round=4, verbose=True, ml_usecase=MLUsecase.CLASSIFICATION, display=None)
2021-06-05 13:37:01,395:INFO:Checking exceptions
2021-06-05 13:37:01,395:INFO:Preloading libraries
2021-06-05 13:38:27,407:INFO:Initializing load_model()
2021-06-05 13:38:27,407:INFO:load_model(model_name=Final WHites RF Project-3 June2021, platform=None, authentication=None, verbose=True)
2021-06-05 13:43:58,908:INFO:Initializing load_model()
2021-06-05 13:43:58,909:INFO:load_model(model_name=Final WHites RF Project-3 June2021, platform=None, authentication=None, verbose=True)
2021-06-05 13:44:03,050:INFO:Initializing load_model()
2021-06-05 13:44:03,051:INFO:load_model(model_name=Final WHites RF Project-3 June2021, platform=None, authentication=None, verbose=True)
2021-06-05 13:44:57,227:INFO:Initializing predict_model()
2021-06-05 13:44:57,228:INFO:predict_model(estimator=Pipeline(steps=[('dtypes',
                 DataTypes_Auto_infer(ml_usecase='classification',
                                      target='quality_category')),
                ('imputer',
                 Simple_Imputer(categorical_strategy='not_available',
                                fill_value_categorical=None,
                                fill_value_numerical=None,
                                numeric_strategy='mean',
                                target_variable=None)),
                ('new_levels1',
                 New_Catagorical_Levels_in_TestData(replacement_strategy='least '
                                                                         'freq...
                ('clean_names', Clean_Colum_Names()),
                ('feature_select', 'passthrough'), ('fix_multi', 'passthrough'),
                ('dfs', 'passthrough'), ('pca', 'passthrough'),
                ['trained_model',
                 RandomForestClassifier(bootstrap=False, class_weight={},
                                        max_depth=3, max_features='sqrt',
                                        min_impurity_decrease=0.1,
                                        min_samples_leaf=4, min_samples_split=9,
                                        n_estimators=70, n_jobs=-1,
                                        random_state=123)]]), probability_threshold=None, encoded_labels=False, raw_score=True, round=4, verbose=True, ml_usecase=MLUsecase.CLASSIFICATION, display=None)
2021-06-05 13:44:57,229:INFO:Checking exceptions
2021-06-05 13:44:57,229:INFO:Preloading libraries
2021-06-05 14:00:38,051:INFO:Initializing load_model()
2021-06-05 14:00:38,052:INFO:load_model(model_name=Final WHites RF Project-3 June2021, platform=None, authentication=None, verbose=True)
2021-06-05 14:14:29,932:INFO:Initializing load_model()
2021-06-05 14:14:29,932:INFO:load_model(model_name=Final WHites RF Project-3 June2021, platform=None, authentication=None, verbose=True)
2021-06-06 22:11:27,511:INFO:Initializing load_model()
2021-06-06 22:11:27,512:INFO:load_model(model_name=Final WHites RF Project-3 June2021, platform=None, authentication=None, verbose=True)
2021-06-06 22:11:30,414:INFO:Initializing load_model()
2021-06-06 22:11:30,414:INFO:load_model(model_name=Final WHites RF Project-3 June2021, platform=None, authentication=None, verbose=True)
2021-06-06 22:12:11,095:INFO:Initializing load_model()
2021-06-06 22:12:11,095:INFO:load_model(model_name=Final WHites RF Project-3 June2021, platform=None, authentication=None, verbose=True)
2021-06-06 22:13:56,108:INFO:Initializing load_model()
2021-06-06 22:13:56,108:INFO:load_model(model_name=Final WHites RF Project-3 June2021, platform=None, authentication=None, verbose=True)
2021-06-06 22:14:13,808:INFO:Initializing load_model()
2021-06-06 22:14:13,808:INFO:load_model(model_name=Final WHites RF Project-3 June2021, platform=None, authentication=None, verbose=True)
2021-06-06 22:15:54,218:INFO:Initializing load_model()
2021-06-06 22:15:54,218:INFO:load_model(model_name=Final WHites RF Project-3 June2021, platform=None, authentication=None, verbose=True)
2021-06-06 22:15:57,467:INFO:Initializing load_model()
2021-06-06 22:15:57,468:INFO:load_model(model_name=Final WHites RF Project-3 June2021, platform=None, authentication=None, verbose=True)
2021-06-06 22:17:03,883:INFO:Initializing load_model()
2021-06-06 22:17:03,883:INFO:load_model(model_name=Final WHites RF Project-3 June2021, platform=None, authentication=None, verbose=True)
2021-06-06 22:22:37,366:INFO:Initializing load_model()
2021-06-06 22:22:37,366:INFO:load_model(model_name=Final WHites RF Project-3 June2021, platform=None, authentication=None, verbose=True)
2021-06-06 22:25:13,995:INFO:Initializing load_model()
2021-06-06 22:25:13,996:INFO:load_model(model_name=Final WHites RF Project-3 June2021, platform=None, authentication=None, verbose=True)
2021-06-06 22:26:34,567:INFO:Initializing load_model()
2021-06-06 22:26:34,567:INFO:load_model(model_name=Final WHites RF Project-3 June2021, platform=None, authentication=None, verbose=True)
2021-06-06 22:29:02,660:INFO:Initializing load_model()
2021-06-06 22:29:02,660:INFO:load_model(model_name=Final WHites RF Project-3 June2021, platform=None, authentication=None, verbose=True)
2021-06-06 22:29:06,490:INFO:Initializing load_model()
2021-06-06 22:29:06,490:INFO:load_model(model_name=Final WHites RF Project-3 June2021, platform=None, authentication=None, verbose=True)
2021-06-06 22:29:33,263:INFO:Initializing load_model()
2021-06-06 22:29:33,263:INFO:load_model(model_name=Final WHites RF Project-3 June2021, platform=None, authentication=None, verbose=True)
2021-06-06 22:30:03,460:INFO:Initializing load_model()
2021-06-06 22:30:03,460:INFO:load_model(model_name=Final WHites RF Project-3 June2021, platform=None, authentication=None, verbose=True)
2021-06-06 22:30:15,835:INFO:Initializing load_model()
2021-06-06 22:30:15,835:INFO:load_model(model_name=Final WHites RF Project-3 June2021, platform=None, authentication=None, verbose=True)
2021-06-06 22:30:18,718:INFO:Initializing load_model()
2021-06-06 22:30:18,718:INFO:load_model(model_name=Final WHites RF Project-3 June2021, platform=None, authentication=None, verbose=True)
2021-06-06 22:31:39,168:INFO:Initializing load_model()
2021-06-06 22:31:39,168:INFO:load_model(model_name=Final WHites RF Project-3 June2021, platform=None, authentication=None, verbose=True)
2021-06-06 22:52:50,000:INFO:Initializing predict_model()
2021-06-06 22:52:50,001:INFO:predict_model(estimator=Pipeline(steps=[('dtypes',
                 DataTypes_Auto_infer(ml_usecase='classification',
                                      target='quality_category')),
                ('imputer',
                 Simple_Imputer(categorical_strategy='not_available',
                                fill_value_categorical=None,
                                fill_value_numerical=None,
                                numeric_strategy='mean',
                                target_variable=None)),
                ('new_levels1',
                 New_Catagorical_Levels_in_TestData(replacement_strategy='least '
                                                                         'freq...
                ('clean_names', Clean_Colum_Names()),
                ('feature_select', 'passthrough'), ('fix_multi', 'passthrough'),
                ('dfs', 'passthrough'), ('pca', 'passthrough'),
                ['trained_model',
                 RandomForestClassifier(bootstrap=False, class_weight={},
                                        max_depth=3, max_features='sqrt',
                                        min_impurity_decrease=0.1,
                                        min_samples_leaf=4, min_samples_split=9,
                                        n_estimators=70, n_jobs=-1,
                                        random_state=123)]]), probability_threshold=None, encoded_labels=False, raw_score=True, round=4, verbose=True, ml_usecase=MLUsecase.CLASSIFICATION, display=None)
2021-06-06 22:52:50,001:INFO:Checking exceptions
2021-06-06 22:52:50,001:INFO:Preloading libraries
2021-06-06 23:36:11,119:INFO:Initializing load_model()
2021-06-06 23:36:11,119:INFO:load_model(model_name=Final WHites RF Project-3 June2021, platform=None, authentication=None, verbose=True)
2021-06-06 23:38:15,290:INFO:Initializing load_model()
2021-06-06 23:38:15,290:INFO:load_model(model_name=Final WHites RF Project-3 June2021, platform=None, authentication=None, verbose=True)
2021-06-06 23:46:15,818:INFO:Initializing predict_model()
2021-06-06 23:46:15,818:INFO:predict_model(estimator=Pipeline(steps=[('dtypes',
                 DataTypes_Auto_infer(ml_usecase='classification',
                                      target='quality_category')),
                ('imputer',
                 Simple_Imputer(categorical_strategy='not_available',
                                fill_value_categorical=None,
                                fill_value_numerical=None,
                                numeric_strategy='mean',
                                target_variable=None)),
                ('new_levels1',
                 New_Catagorical_Levels_in_TestData(replacement_strategy='least '
                                                                         'freq...
                ('clean_names', Clean_Colum_Names()),
                ('feature_select', 'passthrough'), ('fix_multi', 'passthrough'),
                ('dfs', 'passthrough'), ('pca', 'passthrough'),
                ['trained_model',
                 RandomForestClassifier(bootstrap=False, class_weight={},
                                        max_depth=3, max_features='sqrt',
                                        min_impurity_decrease=0.1,
                                        min_samples_leaf=4, min_samples_split=9,
                                        n_estimators=70, n_jobs=-1,
                                        random_state=123)]]), probability_threshold=None, encoded_labels=False, raw_score=True, round=4, verbose=True, ml_usecase=MLUsecase.CLASSIFICATION, display=None)
2021-06-06 23:46:15,818:INFO:Checking exceptions
2021-06-06 23:46:15,818:INFO:Preloading libraries
2021-06-06 23:51:08,240:INFO:Initializing load_model()
2021-06-06 23:51:08,240:INFO:load_model(model_name=Final WHites RF Project-3 June2021, platform=None, authentication=None, verbose=True)
2021-06-06 23:53:58,937:INFO:Initializing load_model()
2021-06-06 23:53:58,937:INFO:load_model(model_name=Final WHites RF Project-3 June2021, platform=None, authentication=None, verbose=True)
2021-06-06 23:54:02,399:INFO:Initializing load_model()
2021-06-06 23:54:02,399:INFO:load_model(model_name=Final WHites RF Project-3 June2021, platform=None, authentication=None, verbose=True)
2021-06-07 00:02:38,165:INFO:Initializing predict_model()
2021-06-07 00:02:38,166:INFO:predict_model(estimator=Pipeline(steps=[('dtypes',
                 DataTypes_Auto_infer(ml_usecase='classification',
                                      target='quality_category')),
                ('imputer',
                 Simple_Imputer(categorical_strategy='not_available',
                                fill_value_categorical=None,
                                fill_value_numerical=None,
                                numeric_strategy='mean',
                                target_variable=None)),
                ('new_levels1',
                 New_Catagorical_Levels_in_TestData(replacement_strategy='least '
                                                                         'freq...
                ('clean_names', Clean_Colum_Names()),
                ('feature_select', 'passthrough'), ('fix_multi', 'passthrough'),
                ('dfs', 'passthrough'), ('pca', 'passthrough'),
                ['trained_model',
                 RandomForestClassifier(bootstrap=False, class_weight={},
                                        max_depth=3, max_features='sqrt',
                                        min_impurity_decrease=0.1,
                                        min_samples_leaf=4, min_samples_split=9,
                                        n_estimators=70, n_jobs=-1,
                                        random_state=123)]]), probability_threshold=None, encoded_labels=False, raw_score=True, round=4, verbose=True, ml_usecase=MLUsecase.CLASSIFICATION, display=None)
2021-06-07 00:02:38,166:INFO:Checking exceptions
2021-06-07 00:02:38,167:INFO:Preloading libraries
